<?xml version="1.0" encoding="UTF-8"?>
<testsuite xmlns:xsi="http://www.w3.org/2001/XMLSchema-instance" xsi:noNamespaceSchemaLocation="https://maven.apache.org/surefire/maven-surefire-plugin/xsd/surefire-test-report-3.0.xsd" version="3.0" name="housekeeping.housekeepingnow.util.PasswordHashGeneratorTest" time="0.317" tests="1" errors="0" skipped="0" failures="0">
  <properties>
[...]
</properties>
  <testcase name="generateAdminPasswordHash" classname="housekeeping.housekeepingnow.util.PasswordHashGeneratorTest" time="0.291">
    <system-out><![CDATA[============================================
密码: admin123
BCrypt 哈希值: $2a$10$K4v2NiyOtKw7bk5FGPOVlOVQowk7uTDqarIKQZEXwVKkwcPmfDLTS
============================================
验证结果: ✓ 正确
============================================
]]></system-out>
  </testcase>
</testsuite>