<?xml version="1.0" encoding="UTF-8"?>
<testsuite xmlns:xsi="http://www.w3.org/2001/XMLSchema-instance" xsi:noNamespaceSchemaLocation="https://maven.apache.org/surefire/maven-surefire-plugin/xsd/surefire-test-report.xsd" version="3.0.2" name="housekeeping.housekeepingnow.HousekeepingNowApplicationTests" time="8.872" tests="1" errors="0" skipped="0" failures="0">
  <properties>
[...]
</properties>
  <testcase name="contextLoads" classname="housekeeping.housekeepingnow.HousekeepingNowApplicationTests" time="1.271">
    <system-out><![CDATA[23:28:52.339 [main] INFO org.springframework.test.context.support.AnnotationConfigContextLoaderUtils -- Could not detect default configuration classes for test class [housekeeping.housekeepingnow.HousekeepingNowApplicationTests]: HousekeepingNowApplicationTests does not declare any static, non-private, non-final, nested classes annotated with @Configuration.
23:28:52.506 [main] INFO org.springframework.boot.test.context.SpringBootTestContextBootstrapper -- Found @SpringBootConfiguration housekeeping.housekeepingnow.HousekeepingNowApplication for test class housekeeping.housekeepingnow.HousekeepingNowApplicationTests

  .   ____          _            __ _ _
 /\\ / ___'_ __ _ _(_)_ __  __ _ \ \ \ \
( ( )\___ | '_ | '_| | '_ \/ _` | \ \ \ \
 \\/  ___)| |_)| | | | | || (_| |  ) ) ) )
  '  |____| .__|_| |_|_| |_\__, | / / / /
 =========|_|==============|___/=/_/_/_/

 :: Spring Boot ::                (v4.0.1)

2026-01-06 23:28:53 [main] INFO  h.housekeepingnow.HousekeepingNowApplicationTests - Starting HousekeepingNowApplicationTests using Java 17.0.12 with PID 16772 (started by 11747 in G:\Java_storage\housekeeping-now)
2026-01-06 23:28:53 [main] DEBUG h.housekeepingnow.HousekeepingNowApplicationTests - Running with Spring Boot v4.0.1, Spring v7.0.2
2026-01-06 23:28:53 [main] INFO  h.housekeepingnow.HousekeepingNowApplicationTests - No active profile set, falling back to 1 default profile: "default"
2026-01-06 23:28:55 [main] DEBUG o.m.s.boot.autoconfigure.MybatisAutoConfiguration - Searching for mappers annotated with @Mapper
2026-01-06 23:28:55 [main] DEBUG o.m.s.boot.autoconfigure.MybatisAutoConfiguration - Using auto-configuration base package 'housekeeping.housekeepingnow'
2026-01-06 23:28:55 [main] INFO  o.s.d.r.config.RepositoryConfigurationDelegate - Multiple Spring Data modules found, entering strict repository configuration mode
2026-01-06 23:28:55 [main] INFO  o.s.d.r.config.RepositoryConfigurationDelegate - Bootstrapping Spring Data Redis repositories in DEFAULT mode.
2026-01-06 23:28:55 [main] INFO  o.s.d.r.config.RepositoryConfigurationDelegate - Finished Spring Data repository scanning in 22 ms. Found 0 Redis repository interfaces.
2026-01-06 23:28:55 [main] DEBUG org.mybatis.spring.mapper.ClassPathMapperScanner - Identified candidate component class: file [G:\Java_storage\housekeeping-now\target\classes\housekeeping\housekeepingnow\mapper\AppointmentMapper.class]
2026-01-06 23:28:55 [main] DEBUG org.mybatis.spring.mapper.ClassPathMapperScanner - Identified candidate component class: file [G:\Java_storage\housekeeping-now\target\classes\housekeeping\housekeepingnow\mapper\CustomerDetailMapper.class]
2026-01-06 23:28:55 [main] DEBUG org.mybatis.spring.mapper.ClassPathMapperScanner - Identified candidate component class: file [G:\Java_storage\housekeeping-now\target\classes\housekeeping\housekeepingnow\mapper\PaymentMapper.class]
2026-01-06 23:28:55 [main] DEBUG org.mybatis.spring.mapper.ClassPathMapperScanner - Identified candidate component class: file [G:\Java_storage\housekeeping-now\target\classes\housekeeping\housekeepingnow\mapper\ReviewMapper.class]
2026-01-06 23:28:55 [main] DEBUG org.mybatis.spring.mapper.ClassPathMapperScanner - Identified candidate component class: file [G:\Java_storage\housekeeping-now\target\classes\housekeeping\housekeepingnow\mapper\ServiceMapper.class]
2026-01-06 23:28:55 [main] DEBUG org.mybatis.spring.mapper.ClassPathMapperScanner - Identified candidate component class: file [G:\Java_storage\housekeeping-now\target\classes\housekeeping\housekeepingnow\mapper\ServiceTypeMapper.class]
2026-01-06 23:28:55 [main] DEBUG org.mybatis.spring.mapper.ClassPathMapperScanner - Identified candidate component class: file [G:\Java_storage\housekeeping-now\target\classes\housekeeping\housekeepingnow\mapper\StaffMapper.class]
2026-01-06 23:28:55 [main] DEBUG org.mybatis.spring.mapper.ClassPathMapperScanner - Identified candidate component class: file [G:\Java_storage\housekeeping-now\target\classes\housekeeping\housekeepingnow\mapper\StaffServiceSkillMapper.class]
2026-01-06 23:28:55 [main] DEBUG org.mybatis.spring.mapper.ClassPathMapperScanner - Identified candidate component class: file [G:\Java_storage\housekeeping-now\target\classes\housekeeping\housekeepingnow\mapper\UserMapper.class]
2026-01-06 23:28:55 [main] DEBUG org.mybatis.spring.mapper.ClassPathMapperScanner - Creating MapperFactoryBean with name 'appointmentMapper' and 'housekeeping.housekeepingnow.mapper.AppointmentMapper' mapperInterface
2026-01-06 23:28:55 [main] DEBUG org.mybatis.spring.mapper.ClassPathMapperScanner - Creating MapperFactoryBean with name 'customerDetailMapper' and 'housekeeping.housekeepingnow.mapper.CustomerDetailMapper' mapperInterface
2026-01-06 23:28:55 [main] DEBUG org.mybatis.spring.mapper.ClassPathMapperScanner - Creating MapperFactoryBean with name 'paymentMapper' and 'housekeeping.housekeepingnow.mapper.PaymentMapper' mapperInterface
2026-01-06 23:28:55 [main] DEBUG org.mybatis.spring.mapper.ClassPathMapperScanner - Creating MapperFactoryBean with name 'reviewMapper' and 'housekeeping.housekeepingnow.mapper.ReviewMapper' mapperInterface
2026-01-06 23:28:55 [main] DEBUG org.mybatis.spring.mapper.ClassPathMapperScanner - Creating MapperFactoryBean with name 'serviceMapper' and 'housekeeping.housekeepingnow.mapper.ServiceMapper' mapperInterface
2026-01-06 23:28:55 [main] DEBUG org.mybatis.spring.mapper.ClassPathMapperScanner - Creating MapperFactoryBean with name 'serviceTypeMapper' and 'housekeeping.housekeepingnow.mapper.ServiceTypeMapper' mapperInterface
2026-01-06 23:28:55 [main] DEBUG org.mybatis.spring.mapper.ClassPathMapperScanner - Creating MapperFactoryBean with name 'staffMapper' and 'housekeeping.housekeepingnow.mapper.StaffMapper' mapperInterface
2026-01-06 23:28:55 [main] DEBUG org.mybatis.spring.mapper.ClassPathMapperScanner - Creating MapperFactoryBean with name 'staffServiceSkillMapper' and 'housekeeping.housekeepingnow.mapper.StaffServiceSkillMapper' mapperInterface
2026-01-06 23:28:55 [main] DEBUG org.mybatis.spring.mapper.ClassPathMapperScanner - Creating MapperFactoryBean with name 'userMapper' and 'housekeeping.housekeepingnow.mapper.UserMapper' mapperInterface
Logging initialized using 'class org.apache.ibatis.logging.stdout.StdOutImpl' adapter.
2026-01-06 23:28:57 [main] DEBUG org.mybatis.spring.SqlSessionFactoryBean - Parsed mapper file: 'file [G:\Java_storage\housekeeping-now\target\classes\mapper\CustomerDetailMapper.xml]'
2026-01-06 23:28:57 [main] DEBUG org.mybatis.spring.SqlSessionFactoryBean - Parsed mapper file: 'file [G:\Java_storage\housekeeping-now\target\classes\mapper\ServiceMapper.xml]'
2026-01-06 23:28:57 [main] DEBUG org.mybatis.spring.SqlSessionFactoryBean - Parsed mapper file: 'file [G:\Java_storage\housekeeping-now\target\classes\mapper\ServiceTypeMapper.xml]'
2026-01-06 23:28:57 [main] DEBUG org.mybatis.spring.SqlSessionFactoryBean - Parsed mapper file: 'file [G:\Java_storage\housekeeping-now\target\classes\mapper\StaffMapper.xml]'
2026-01-06 23:28:57 [main] DEBUG org.mybatis.spring.SqlSessionFactoryBean - Parsed mapper file: 'file [G:\Java_storage\housekeeping-now\target\classes\mapper\StaffServiceSkillMapper.xml]'
2026-01-06 23:28:57 [main] DEBUG org.mybatis.spring.SqlSessionFactoryBean - Parsed mapper file: 'file [G:\Java_storage\housekeeping-now\target\classes\mapper\UserMapper.xml]'
2026-01-06 23:28:58 [main] DEBUG o.m.s.boot.autoconfigure.MybatisAutoConfiguration - Not found configuration for registering mapper bean using @MapperScan, MapperFactoryBean and MapperScannerConfigurer.
2026-01-06 23:28:59 [main] INFO  h.housekeepingnow.HousekeepingNowApplicationTests - Started HousekeepingNowApplicationTests in 6.762 seconds (process running for 8.948)
]]></system-out>
  </testcase>
</testsuite>